[2022-12-12T12:40:57.546+0000] {manager.py:480} INFO - Processing files using up to 5 processes at a time 
[2022-12-12T12:40:57.589+0000] {manager.py:481} INFO - Process each file at most once every 60 seconds
[2022-12-12T12:40:57.592+0000] {manager.py:482} INFO - Checking for new files in /opt/airflow/dags every 55 seconds
[2022-12-12T12:40:57.593+0000] {manager.py:709} INFO - Searching for files in /opt/airflow/dags
[2022-12-12T12:40:57.620+0000] {manager.py:712} INFO - There are 1 files in /opt/airflow/dags
[2022-12-12T12:40:57.904+0000] {manager.py:828} INFO - 
================================================================================
DAG File Processing Stats

File Path                             PID  Runtime      # DAGs    # Errors  Last Runtime    Last Run
----------------------------------  -----  ---------  --------  ----------  --------------  ----------
/opt/airflow/dags/data_pipeline.py     51  0.10s             0           0
================================================================================
[2022-12-12T12:41:28.064+0000] {manager.py:828} INFO - 
================================================================================
DAG File Processing Stats

File Path                           PID    Runtime      # DAGs    # Errors  Last Runtime    Last Run
----------------------------------  -----  ---------  --------  ----------  --------------  -------------------
/opt/airflow/dags/data_pipeline.py                           0           0  7.03s           2022-12-12T12:41:04
================================================================================
[2022-12-12T12:41:53.186+0000] {manager.py:709} INFO - Searching for files in /opt/airflow/dags
[2022-12-12T12:41:53.230+0000] {manager.py:712} INFO - There are 1 files in /opt/airflow/dags
[2022-12-12T12:41:58.326+0000] {manager.py:828} INFO - 
================================================================================
DAG File Processing Stats

File Path                           PID    Runtime      # DAGs    # Errors  Last Runtime    Last Run
----------------------------------  -----  ---------  --------  ----------  --------------  -------------------
/opt/airflow/dags/data_pipeline.py                           0           0  7.03s           2022-12-12T12:41:04
================================================================================
[2022-12-12T12:42:29.064+0000] {manager.py:828} INFO - 
================================================================================
DAG File Processing Stats

File Path                             PID  Runtime      # DAGs    # Errors  Last Runtime    Last Run
----------------------------------  -----  ---------  --------  ----------  --------------  -------------------
/opt/airflow/dags/data_pipeline.py     85  23.52s            0           0  7.03s           2022-12-12T12:41:04
================================================================================
[2022-12-12T12:42:48.335+0000] {manager.py:709} INFO - Searching for files in /opt/airflow/dags
[2022-12-12T12:42:48.555+0000] {manager.py:712} INFO - There are 1 files in /opt/airflow/dags
[2022-12-12T12:43:00.222+0000] {manager.py:828} INFO - 
================================================================================
DAG File Processing Stats

File Path                           PID    Runtime      # DAGs    # Errors  Last Runtime    Last Run
----------------------------------  -----  ---------  --------  ----------  --------------  -------------------
/opt/airflow/dags/data_pipeline.py                           0           0  28.19s          2022-12-12T12:42:33
================================================================================
[2022-12-12T12:43:30.381+0000] {manager.py:828} INFO - 
================================================================================
DAG File Processing Stats

File Path                           PID    Runtime      # DAGs    # Errors  Last Runtime    Last Run
----------------------------------  -----  ---------  --------  ----------  --------------  -------------------
/opt/airflow/dags/data_pipeline.py                           0           0  28.19s          2022-12-12T12:42:33
================================================================================
[2022-12-12T12:43:43.479+0000] {manager.py:709} INFO - Searching for files in /opt/airflow/dags
[2022-12-12T12:43:43.493+0000] {manager.py:712} INFO - There are 1 files in /opt/airflow/dags
[2022-12-12T12:44:00.766+0000] {manager.py:828} INFO - 
================================================================================
DAG File Processing Stats

File Path                           PID    Runtime      # DAGs    # Errors  Last Runtime    Last Run
----------------------------------  -----  ---------  --------  ----------  --------------  -------------------
/opt/airflow/dags/data_pipeline.py                           0           0  2.68s           2022-12-12T12:43:37
================================================================================
[2022-12-12T12:44:30.974+0000] {manager.py:828} INFO - 
================================================================================
DAG File Processing Stats

File Path                           PID    Runtime      # DAGs    # Errors  Last Runtime    Last Run
----------------------------------  -----  ---------  --------  ----------  --------------  -------------------
/opt/airflow/dags/data_pipeline.py                           0           0  2.68s           2022-12-12T12:43:37
================================================================================
[2022-12-12T12:44:38.499+0000] {manager.py:709} INFO - Searching for files in /opt/airflow/dags
[2022-12-12T12:44:38.521+0000] {manager.py:712} INFO - There are 1 files in /opt/airflow/dags
[2022-12-12T12:45:02.897+0000] {manager.py:828} INFO - 
================================================================================
DAG File Processing Stats

File Path                           PID    Runtime      # DAGs    # Errors  Last Runtime    Last Run
----------------------------------  -----  ---------  --------  ----------  --------------  -------------------
/opt/airflow/dags/data_pipeline.py                           0           0  1.30s           2022-12-12T12:44:38
================================================================================
[2022-12-12T12:45:33.817+0000] {manager.py:709} INFO - Searching for files in /opt/airflow/dags
[2022-12-12T12:45:33.843+0000] {manager.py:712} INFO - There are 1 files in /opt/airflow/dags
[2022-12-12T12:45:33.869+0000] {manager.py:828} INFO - 
================================================================================
DAG File Processing Stats

File Path                           PID    Runtime      # DAGs    # Errors  Last Runtime    Last Run
----------------------------------  -----  ---------  --------  ----------  --------------  -------------------
/opt/airflow/dags/data_pipeline.py                           0           0  1.30s           2022-12-12T12:44:38
================================================================================
[2022-12-12T12:46:04.268+0000] {manager.py:828} INFO - 
================================================================================
DAG File Processing Stats

File Path                           PID    Runtime      # DAGs    # Errors  Last Runtime    Last Run
----------------------------------  -----  ---------  --------  ----------  --------------  -------------------
/opt/airflow/dags/data_pipeline.py                           0           0  1.26s           2022-12-12T12:45:40
================================================================================
[2022-12-12T12:46:29.428+0000] {manager.py:709} INFO - Searching for files in /opt/airflow/dags
[2022-12-12T12:46:29.493+0000] {manager.py:712} INFO - There are 1 files in /opt/airflow/dags
[2022-12-12T12:46:34.992+0000] {manager.py:828} INFO - 
================================================================================
DAG File Processing Stats

File Path                           PID    Runtime      # DAGs    # Errors  Last Runtime    Last Run
----------------------------------  -----  ---------  --------  ----------  --------------  -------------------
/opt/airflow/dags/data_pipeline.py                           0           0  1.26s           2022-12-12T12:45:40
================================================================================
[2022-12-12T12:47:05.076+0000] {manager.py:828} INFO - 
================================================================================
DAG File Processing Stats

File Path                           PID    Runtime      # DAGs    # Errors  Last Runtime    Last Run
----------------------------------  -----  ---------  --------  ----------  --------------  -------------------
/opt/airflow/dags/data_pipeline.py                           0           0  0.87s           2022-12-12T12:46:41
================================================================================
[2022-12-12T12:47:25.242+0000] {manager.py:709} INFO - Searching for files in /opt/airflow/dags
[2022-12-12T12:47:25.265+0000] {manager.py:712} INFO - There are 1 files in /opt/airflow/dags
[2022-12-12T12:47:35.317+0000] {manager.py:828} INFO - 
================================================================================
DAG File Processing Stats

File Path                           PID    Runtime      # DAGs    # Errors  Last Runtime    Last Run
----------------------------------  -----  ---------  --------  ----------  --------------  -------------------
/opt/airflow/dags/data_pipeline.py                           0           0  0.87s           2022-12-12T12:46:41
================================================================================
[2022-12-12T12:48:05.415+0000] {manager.py:828} INFO - 
================================================================================
DAG File Processing Stats

File Path                           PID    Runtime      # DAGs    # Errors  Last Runtime    Last Run
----------------------------------  -----  ---------  --------  ----------  --------------  -------------------
/opt/airflow/dags/data_pipeline.py                           0           0  0.85s           2022-12-12T12:47:43
================================================================================
[2022-12-12T12:48:20.619+0000] {manager.py:709} INFO - Searching for files in /opt/airflow/dags
[2022-12-12T12:48:20.725+0000] {manager.py:712} INFO - There are 1 files in /opt/airflow/dags
[2022-12-12T12:48:35.705+0000] {manager.py:828} INFO - 
================================================================================
DAG File Processing Stats

File Path                           PID    Runtime      # DAGs    # Errors  Last Runtime    Last Run
----------------------------------  -----  ---------  --------  ----------  --------------  -------------------
/opt/airflow/dags/data_pipeline.py                           0           0  0.85s           2022-12-12T12:47:43
================================================================================
[2022-12-12T12:49:06.408+0000] {manager.py:828} INFO - 
================================================================================
DAG File Processing Stats

File Path                           PID    Runtime      # DAGs    # Errors  Last Runtime    Last Run
----------------------------------  -----  ---------  --------  ----------  --------------  -------------------
/opt/airflow/dags/data_pipeline.py                           0           0  7.00s           2022-12-12T12:48:50
================================================================================
[2022-12-12T12:49:15.847+0000] {manager.py:709} INFO - Searching for files in /opt/airflow/dags
[2022-12-12T12:49:15.861+0000] {manager.py:712} INFO - There are 1 files in /opt/airflow/dags
[2022-12-12T12:49:36.507+0000] {manager.py:828} INFO - 
================================================================================
DAG File Processing Stats

File Path                           PID    Runtime      # DAGs    # Errors  Last Runtime    Last Run
----------------------------------  -----  ---------  --------  ----------  --------------  -------------------
/opt/airflow/dags/data_pipeline.py                           0           0  7.00s           2022-12-12T12:48:50
================================================================================
[2022-12-12T12:50:06.767+0000] {manager.py:828} INFO - 
================================================================================
DAG File Processing Stats

File Path                           PID    Runtime      # DAGs    # Errors  Last Runtime    Last Run
----------------------------------  -----  ---------  --------  ----------  --------------  -------------------
/opt/airflow/dags/data_pipeline.py                           0           0  4.38s           2022-12-12T12:49:54
================================================================================
[2022-12-12T12:50:11.038+0000] {manager.py:709} INFO - Searching for files in /opt/airflow/dags
[2022-12-12T12:50:11.169+0000] {manager.py:712} INFO - There are 1 files in /opt/airflow/dags
[2022-12-12T12:50:36.896+0000] {manager.py:828} INFO - 
================================================================================
DAG File Processing Stats

File Path                           PID    Runtime      # DAGs    # Errors  Last Runtime    Last Run
----------------------------------  -----  ---------  --------  ----------  --------------  -------------------
/opt/airflow/dags/data_pipeline.py                           0           0  4.38s           2022-12-12T12:49:54
================================================================================
[2022-12-12T12:51:06.690+0000] {manager.py:709} INFO - Searching for files in /opt/airflow/dags
[2022-12-12T12:51:06.768+0000] {manager.py:712} INFO - There are 1 files in /opt/airflow/dags
[2022-12-12T12:51:06.959+0000] {manager.py:828} INFO - 
================================================================================
DAG File Processing Stats

File Path                           PID    Runtime      # DAGs    # Errors  Last Runtime    Last Run
----------------------------------  -----  ---------  --------  ----------  --------------  -------------------
/opt/airflow/dags/data_pipeline.py                           0           0  0.63s           2022-12-12T12:50:55
================================================================================
[2022-12-12T12:51:37.478+0000] {manager.py:828} INFO - 
================================================================================
DAG File Processing Stats

File Path                           PID    Runtime      # DAGs    # Errors  Last Runtime    Last Run
----------------------------------  -----  ---------  --------  ----------  --------------  -------------------
/opt/airflow/dags/data_pipeline.py                           0           0  0.63s           2022-12-12T12:50:55
================================================================================
[2022-12-12T12:51:47.516+0000] {manager.py:1030} WARNING - Skipping processing of missing file: /opt/airflow/dags/data_pipeline.py
[2022-12-12T12:51:47.554+0000] {manager.py:1030} WARNING - Skipping processing of missing file: /opt/airflow/dags/data_pipeline.py
[2022-12-12T12:51:48.519+0000] {manager.py:1030} WARNING - Skipping processing of missing file: /opt/airflow/dags/data_pipeline.py
[2022-12-12T12:51:48.556+0000] {manager.py:1030} WARNING - Skipping processing of missing file: /opt/airflow/dags/data_pipeline.py
[2022-12-12T12:51:49.475+0000] {manager.py:1030} WARNING - Skipping processing of missing file: /opt/airflow/dags/data_pipeline.py
[2022-12-12T12:51:49.515+0000] {manager.py:1030} WARNING - Skipping processing of missing file: /opt/airflow/dags/data_pipeline.py
[2022-12-12T12:51:50.507+0000] {manager.py:1030} WARNING - Skipping processing of missing file: /opt/airflow/dags/data_pipeline.py
[2022-12-12T12:51:50.536+0000] {manager.py:1030} WARNING - Skipping processing of missing file: /opt/airflow/dags/data_pipeline.py
[2022-12-12T12:51:51.511+0000] {manager.py:1030} WARNING - Skipping processing of missing file: /opt/airflow/dags/data_pipeline.py
[2022-12-12T12:51:51.539+0000] {manager.py:1030} WARNING - Skipping processing of missing file: /opt/airflow/dags/data_pipeline.py
[2022-12-12T12:51:52.517+0000] {manager.py:1030} WARNING - Skipping processing of missing file: /opt/airflow/dags/data_pipeline.py
[2022-12-12T12:51:52.544+0000] {manager.py:1030} WARNING - Skipping processing of missing file: /opt/airflow/dags/data_pipeline.py
[2022-12-12T12:51:53.521+0000] {manager.py:1030} WARNING - Skipping processing of missing file: /opt/airflow/dags/data_pipeline.py
[2022-12-12T12:51:53.569+0000] {manager.py:1030} WARNING - Skipping processing of missing file: /opt/airflow/dags/data_pipeline.py
[2022-12-12T12:51:54.527+0000] {manager.py:1030} WARNING - Skipping processing of missing file: /opt/airflow/dags/data_pipeline.py
[2022-12-12T12:51:54.579+0000] {manager.py:1030} WARNING - Skipping processing of missing file: /opt/airflow/dags/data_pipeline.py
[2022-12-12T12:51:55.535+0000] {manager.py:1030} WARNING - Skipping processing of missing file: /opt/airflow/dags/data_pipeline.py
[2022-12-12T12:51:55.585+0000] {manager.py:1030} WARNING - Skipping processing of missing file: /opt/airflow/dags/data_pipeline.py
[2022-12-12T12:51:56.540+0000] {manager.py:1030} WARNING - Skipping processing of missing file: /opt/airflow/dags/data_pipeline.py
[2022-12-12T12:51:56.589+0000] {manager.py:1030} WARNING - Skipping processing of missing file: /opt/airflow/dags/data_pipeline.py
[2022-12-12T12:51:57.547+0000] {manager.py:1030} WARNING - Skipping processing of missing file: /opt/airflow/dags/data_pipeline.py
[2022-12-12T12:51:57.600+0000] {manager.py:1030} WARNING - Skipping processing of missing file: /opt/airflow/dags/data_pipeline.py
[2022-12-12T12:51:58.552+0000] {manager.py:1030} WARNING - Skipping processing of missing file: /opt/airflow/dags/data_pipeline.py
[2022-12-12T12:51:58.603+0000] {manager.py:1030} WARNING - Skipping processing of missing file: /opt/airflow/dags/data_pipeline.py
[2022-12-12T12:51:59.557+0000] {manager.py:1030} WARNING - Skipping processing of missing file: /opt/airflow/dags/data_pipeline.py
[2022-12-12T12:51:59.611+0000] {manager.py:1030} WARNING - Skipping processing of missing file: /opt/airflow/dags/data_pipeline.py
[2022-12-12T12:52:00.561+0000] {manager.py:1030} WARNING - Skipping processing of missing file: /opt/airflow/dags/data_pipeline.py
[2022-12-12T12:52:00.614+0000] {manager.py:1030} WARNING - Skipping processing of missing file: /opt/airflow/dags/data_pipeline.py
[2022-12-12T12:52:01.578+0000] {manager.py:1030} WARNING - Skipping processing of missing file: /opt/airflow/dags/data_pipeline.py
[2022-12-12T12:52:01.617+0000] {manager.py:1030} WARNING - Skipping processing of missing file: /opt/airflow/dags/data_pipeline.py
[2022-12-12T12:52:02.585+0000] {manager.py:709} INFO - Searching for files in /opt/airflow/dags
[2022-12-12T12:52:02.603+0000] {manager.py:712} INFO - There are 1 files in /opt/airflow/dags
[2022-12-12T12:52:07.664+0000] {manager.py:828} INFO - 
================================================================================
DAG File Processing Stats

File Path                          PID    Runtime      # DAGs    # Errors  Last Runtime    Last Run
---------------------------------  -----  ---------  --------  ----------  --------------  -------------------
/opt/airflow/dags/my_first_dag.py                           0           0  1.70s           2022-12-12T12:52:04
================================================================================
[2022-12-12T12:52:38.148+0000] {manager.py:828} INFO - 
================================================================================
DAG File Processing Stats

File Path                          PID    Runtime      # DAGs    # Errors  Last Runtime    Last Run
---------------------------------  -----  ---------  --------  ----------  --------------  -------------------
/opt/airflow/dags/my_first_dag.py                           0           0  1.70s           2022-12-12T12:52:04
================================================================================
[2022-12-12T12:52:57.708+0000] {manager.py:709} INFO - Searching for files in /opt/airflow/dags
[2022-12-12T12:52:57.731+0000] {manager.py:712} INFO - There are 1 files in /opt/airflow/dags
[2022-12-12T12:53:08.629+0000] {manager.py:828} INFO - 
================================================================================
DAG File Processing Stats

File Path                          PID    Runtime      # DAGs    # Errors  Last Runtime    Last Run
---------------------------------  -----  ---------  --------  ----------  --------------  -------------------
/opt/airflow/dags/my_first_dag.py                           0           1  0.42s           2022-12-12T12:52:43
================================================================================
[2022-12-12T12:53:38.601+0000] {manager.py:828} INFO - 
================================================================================
DAG File Processing Stats

File Path                          PID    Runtime      # DAGs    # Errors  Last Runtime    Last Run
---------------------------------  -----  ---------  --------  ----------  --------------  -------------------
/opt/airflow/dags/my_first_dag.py                           1           0  4.22s           2022-12-12T12:53:14
================================================================================
[2022-12-12T12:53:53.541+0000] {manager.py:709} INFO - Searching for files in /opt/airflow/dags
[2022-12-12T12:53:53.552+0000] {manager.py:712} INFO - There are 1 files in /opt/airflow/dags
[2022-12-12T12:54:08.630+0000] {manager.py:828} INFO - 
================================================================================
DAG File Processing Stats

File Path                          PID    Runtime      # DAGs    # Errors  Last Runtime    Last Run
---------------------------------  -----  ---------  --------  ----------  --------------  -------------------
/opt/airflow/dags/my_first_dag.py                           1           0  4.22s           2022-12-12T12:53:14
================================================================================
[2022-12-12T12:54:38.985+0000] {manager.py:828} INFO - 
================================================================================
DAG File Processing Stats

File Path                          PID    Runtime      # DAGs    # Errors  Last Runtime    Last Run
---------------------------------  -----  ---------  --------  ----------  --------------  -------------------
/opt/airflow/dags/my_first_dag.py                           1           0  0.27s           2022-12-12T12:54:14
================================================================================
[2022-12-12T12:54:49.018+0000] {manager.py:709} INFO - Searching for files in /opt/airflow/dags
[2022-12-12T12:54:49.029+0000] {manager.py:712} INFO - There are 1 files in /opt/airflow/dags
[2022-12-12T12:55:10.098+0000] {manager.py:828} INFO - 
================================================================================
DAG File Processing Stats

File Path                          PID    Runtime      # DAGs    # Errors  Last Runtime    Last Run
---------------------------------  -----  ---------  --------  ----------  --------------  -------------------
/opt/airflow/dags/my_first_dag.py                           1           0  0.27s           2022-12-12T12:54:14
================================================================================
[2022-12-12T12:55:40.582+0000] {manager.py:828} INFO - 
================================================================================
DAG File Processing Stats

File Path                          PID    Runtime      # DAGs    # Errors  Last Runtime    Last Run
---------------------------------  -----  ---------  --------  ----------  --------------  -------------------
/opt/airflow/dags/my_first_dag.py                           1           0  0.36s           2022-12-12T12:55:15
================================================================================
[2022-12-12T12:55:44.036+0000] {manager.py:709} INFO - Searching for files in /opt/airflow/dags
[2022-12-12T12:55:44.060+0000] {manager.py:712} INFO - There are 1 files in /opt/airflow/dags
[2022-12-12T12:56:10.691+0000] {manager.py:828} INFO - 
================================================================================
DAG File Processing Stats

File Path                          PID    Runtime      # DAGs    # Errors  Last Runtime    Last Run
---------------------------------  -----  ---------  --------  ----------  --------------  -------------------
/opt/airflow/dags/my_first_dag.py                           1           0  0.36s           2022-12-12T12:55:15
================================================================================
[2022-12-12T12:56:39.772+0000] {manager.py:709} INFO - Searching for files in /opt/airflow/dags
[2022-12-12T12:56:39.779+0000] {manager.py:712} INFO - There are 1 files in /opt/airflow/dags
[2022-12-12T12:56:40.797+0000] {manager.py:828} INFO - 
================================================================================
DAG File Processing Stats

File Path                          PID    Runtime      # DAGs    # Errors  Last Runtime    Last Run
---------------------------------  -----  ---------  --------  ----------  --------------  -------------------
/opt/airflow/dags/my_first_dag.py                           1           0  0.22s           2022-12-12T12:56:15
================================================================================
[2022-12-12T12:57:10.914+0000] {manager.py:828} INFO - 
================================================================================
DAG File Processing Stats

File Path                          PID    Runtime      # DAGs    # Errors  Last Runtime    Last Run
---------------------------------  -----  ---------  --------  ----------  --------------  -------------------
/opt/airflow/dags/my_first_dag.py                           1           0  0.22s           2022-12-12T12:56:15
================================================================================
[2022-12-12T12:57:35.105+0000] {manager.py:709} INFO - Searching for files in /opt/airflow/dags
[2022-12-12T12:57:35.114+0000] {manager.py:712} INFO - There are 1 files in /opt/airflow/dags
[2022-12-12T12:57:41.148+0000] {manager.py:828} INFO - 
================================================================================
DAG File Processing Stats

File Path                          PID    Runtime      # DAGs    # Errors  Last Runtime    Last Run
---------------------------------  -----  ---------  --------  ----------  --------------  -------------------
/opt/airflow/dags/my_first_dag.py                           1           0  0.13s           2022-12-12T12:57:16
================================================================================
[2022-12-12T12:58:11.232+0000] {manager.py:828} INFO - 
================================================================================
DAG File Processing Stats

File Path                          PID    Runtime      # DAGs    # Errors  Last Runtime    Last Run
---------------------------------  -----  ---------  --------  ----------  --------------  -------------------
/opt/airflow/dags/my_first_dag.py                           1           0  0.13s           2022-12-12T12:57:16
================================================================================
[2022-12-12T12:58:30.299+0000] {manager.py:709} INFO - Searching for files in /opt/airflow/dags
[2022-12-12T12:58:30.318+0000] {manager.py:712} INFO - There are 1 files in /opt/airflow/dags
[2022-12-12T12:58:41.361+0000] {manager.py:828} INFO - 
================================================================================
DAG File Processing Stats

File Path                          PID    Runtime      # DAGs    # Errors  Last Runtime    Last Run
---------------------------------  -----  ---------  --------  ----------  --------------  -------------------
/opt/airflow/dags/my_first_dag.py                           1           0  0.17s           2022-12-12T12:58:16
================================================================================
[2022-12-12T12:59:11.452+0000] {manager.py:828} INFO - 
================================================================================
DAG File Processing Stats

File Path                          PID    Runtime      # DAGs    # Errors  Last Runtime    Last Run
---------------------------------  -----  ---------  --------  ----------  --------------  -------------------
/opt/airflow/dags/my_first_dag.py                           1           0  0.17s           2022-12-12T12:58:16
================================================================================
[2022-12-12T12:59:25.549+0000] {manager.py:709} INFO - Searching for files in /opt/airflow/dags
[2022-12-12T12:59:25.557+0000] {manager.py:712} INFO - There are 1 files in /opt/airflow/dags
[2022-12-12T12:59:41.616+0000] {manager.py:828} INFO - 
================================================================================
DAG File Processing Stats

File Path                          PID    Runtime      # DAGs    # Errors  Last Runtime    Last Run
---------------------------------  -----  ---------  --------  ----------  --------------  -------------------
/opt/airflow/dags/my_first_dag.py                           1           0  0.17s           2022-12-12T12:59:16
================================================================================
[2022-12-12T13:00:11.704+0000] {manager.py:828} INFO - 
================================================================================
DAG File Processing Stats

File Path                          PID    Runtime      # DAGs    # Errors  Last Runtime    Last Run
---------------------------------  -----  ---------  --------  ----------  --------------  -------------------
/opt/airflow/dags/my_first_dag.py                           1           0  0.17s           2022-12-12T12:59:16
================================================================================
[2022-12-12T13:00:20.759+0000] {manager.py:709} INFO - Searching for files in /opt/airflow/dags
[2022-12-12T13:00:20.770+0000] {manager.py:712} INFO - There are 1 files in /opt/airflow/dags
[2022-12-12T13:00:41.853+0000] {manager.py:828} INFO - 
================================================================================
DAG File Processing Stats

File Path                          PID    Runtime      # DAGs    # Errors  Last Runtime    Last Run
---------------------------------  -----  ---------  --------  ----------  --------------  -------------------
/opt/airflow/dags/my_first_dag.py                           1           0  0.18s           2022-12-12T13:00:16
================================================================================
[2022-12-12T13:01:11.938+0000] {manager.py:828} INFO - 
================================================================================
DAG File Processing Stats

File Path                          PID    Runtime      # DAGs    # Errors  Last Runtime    Last Run
---------------------------------  -----  ---------  --------  ----------  --------------  -------------------
/opt/airflow/dags/my_first_dag.py                           1           0  0.18s           2022-12-12T13:00:16
================================================================================
[2022-12-12T13:01:15.950+0000] {manager.py:709} INFO - Searching for files in /opt/airflow/dags
[2022-12-12T13:01:15.960+0000] {manager.py:712} INFO - There are 1 files in /opt/airflow/dags
[2022-12-12T13:01:42.114+0000] {manager.py:828} INFO - 
================================================================================
DAG File Processing Stats

File Path                          PID    Runtime      # DAGs    # Errors  Last Runtime    Last Run
---------------------------------  -----  ---------  --------  ----------  --------------  -------------------
/opt/airflow/dags/my_first_dag.py                           1           0  0.14s           2022-12-12T13:01:17
================================================================================
[2022-12-12T13:02:11.209+0000] {manager.py:709} INFO - Searching for files in /opt/airflow/dags
[2022-12-12T13:02:11.224+0000] {manager.py:712} INFO - There are 1 files in /opt/airflow/dags
[2022-12-12T13:02:12.240+0000] {manager.py:828} INFO - 
================================================================================
DAG File Processing Stats

File Path                          PID    Runtime      # DAGs    # Errors  Last Runtime    Last Run
---------------------------------  -----  ---------  --------  ----------  --------------  -------------------
/opt/airflow/dags/my_first_dag.py                           1           0  0.14s           2022-12-12T13:01:17
================================================================================
[2022-12-12T13:02:42.427+0000] {manager.py:828} INFO - 
================================================================================
DAG File Processing Stats

File Path                          PID    Runtime      # DAGs    # Errors  Last Runtime    Last Run
---------------------------------  -----  ---------  --------  ----------  --------------  -------------------
/opt/airflow/dags/my_first_dag.py                           1           0  0.14s           2022-12-12T13:02:17
================================================================================
[2022-12-12T13:03:06.508+0000] {manager.py:709} INFO - Searching for files in /opt/airflow/dags
[2022-12-12T13:03:06.526+0000] {manager.py:712} INFO - There are 1 files in /opt/airflow/dags
[2022-12-12T13:03:12.556+0000] {manager.py:828} INFO - 
================================================================================
DAG File Processing Stats

File Path                          PID    Runtime      # DAGs    # Errors  Last Runtime    Last Run
---------------------------------  -----  ---------  --------  ----------  --------------  -------------------
/opt/airflow/dags/my_first_dag.py                           1           0  0.14s           2022-12-12T13:02:17
================================================================================
[2022-12-12T13:03:42.657+0000] {manager.py:828} INFO - 
================================================================================
DAG File Processing Stats

File Path                          PID    Runtime      # DAGs    # Errors  Last Runtime    Last Run
---------------------------------  -----  ---------  --------  ----------  --------------  -------------------
/opt/airflow/dags/my_first_dag.py                           1           0  0.13s           2022-12-12T13:03:17
================================================================================
[2022-12-12T13:04:01.715+0000] {manager.py:709} INFO - Searching for files in /opt/airflow/dags
[2022-12-12T13:04:01.732+0000] {manager.py:712} INFO - There are 1 files in /opt/airflow/dags
[2022-12-12T13:04:12.792+0000] {manager.py:828} INFO - 
================================================================================
DAG File Processing Stats

File Path                          PID    Runtime      # DAGs    # Errors  Last Runtime    Last Run
---------------------------------  -----  ---------  --------  ----------  --------------  -------------------
/opt/airflow/dags/my_first_dag.py                           1           0  0.13s           2022-12-12T13:03:17
================================================================================
[2022-12-12T13:04:42.942+0000] {manager.py:828} INFO - 
================================================================================
DAG File Processing Stats

File Path                          PID    Runtime      # DAGs    # Errors  Last Runtime    Last Run
---------------------------------  -----  ---------  --------  ----------  --------------  -------------------
/opt/airflow/dags/my_first_dag.py                           1           0  0.30s           2022-12-12T13:04:18
================================================================================
[2022-12-12T13:04:56.998+0000] {manager.py:709} INFO - Searching for files in /opt/airflow/dags
[2022-12-12T13:04:57.008+0000] {manager.py:712} INFO - There are 1 files in /opt/airflow/dags
[2022-12-12T13:05:13.071+0000] {manager.py:828} INFO - 
================================================================================
DAG File Processing Stats

File Path                          PID    Runtime      # DAGs    # Errors  Last Runtime    Last Run
---------------------------------  -----  ---------  --------  ----------  --------------  -------------------
/opt/airflow/dags/my_first_dag.py                           1           0  0.30s           2022-12-12T13:04:18
================================================================================
[2022-12-12T13:05:43.367+0000] {manager.py:828} INFO - 
================================================================================
DAG File Processing Stats

File Path                          PID    Runtime      # DAGs    # Errors  Last Runtime    Last Run
---------------------------------  -----  ---------  --------  ----------  --------------  -------------------
/opt/airflow/dags/my_first_dag.py                           1           0  0.18s           2022-12-12T13:05:18
================================================================================
[2022-12-12T13:05:52.401+0000] {manager.py:709} INFO - Searching for files in /opt/airflow/dags
[2022-12-12T13:05:52.408+0000] {manager.py:712} INFO - There are 1 files in /opt/airflow/dags
[2022-12-12T13:06:13.515+0000] {manager.py:828} INFO - 
================================================================================
DAG File Processing Stats

File Path                          PID    Runtime      # DAGs    # Errors  Last Runtime    Last Run
---------------------------------  -----  ---------  --------  ----------  --------------  -------------------
/opt/airflow/dags/my_first_dag.py                           1           0  0.18s           2022-12-12T13:05:18
================================================================================
[2022-12-12T13:06:43.682+0000] {manager.py:828} INFO - 
================================================================================
DAG File Processing Stats

File Path                          PID    Runtime      # DAGs    # Errors  Last Runtime    Last Run
---------------------------------  -----  ---------  --------  ----------  --------------  -------------------
/opt/airflow/dags/my_first_dag.py                           1           0  0.17s           2022-12-12T13:06:18
================================================================================
[2022-12-12T13:06:47.695+0000] {manager.py:709} INFO - Searching for files in /opt/airflow/dags
[2022-12-12T13:06:47.703+0000] {manager.py:712} INFO - There are 1 files in /opt/airflow/dags
[2022-12-12T13:07:13.809+0000] {manager.py:828} INFO - 
================================================================================
DAG File Processing Stats

File Path                          PID    Runtime      # DAGs    # Errors  Last Runtime    Last Run
---------------------------------  -----  ---------  --------  ----------  --------------  -------------------
/opt/airflow/dags/my_first_dag.py                           1           0  0.17s           2022-12-12T13:06:18
================================================================================
