[2022-12-12T12:40:57.878+0000] {processor.py:153} INFO - Started process (PID=51) to work on /opt/airflow/dags/data_pipeline.py
[2022-12-12T12:40:57.882+0000] {processor.py:640} INFO - Processing file /opt/airflow/dags/data_pipeline.py for tasks to queue
[2022-12-12T12:40:57.908+0000] {logging_mixin.py:115} INFO - [2022-12-12T12:40:57.901+0000] {dagbag.py:508} INFO - Filling up the DagBag from /opt/airflow/dags/data_pipeline.py
[2022-12-12T12:41:04.526+0000] {processor.py:652} WARNING - No viable dags retrieved from /opt/airflow/dags/data_pipeline.py
[2022-12-12T12:41:04.663+0000] {processor.py:161} INFO - Processing /opt/airflow/dags/data_pipeline.py took 6.832 seconds
[2022-12-12T12:42:07.133+0000] {processor.py:153} INFO - Started process (PID=85) to work on /opt/airflow/dags/data_pipeline.py
[2022-12-12T12:42:07.289+0000] {processor.py:640} INFO - Processing file /opt/airflow/dags/data_pipeline.py for tasks to queue
[2022-12-12T12:42:07.299+0000] {logging_mixin.py:115} INFO - [2022-12-12T12:42:07.298+0000] {dagbag.py:508} INFO - Filling up the DagBag from /opt/airflow/dags/data_pipeline.py
[2022-12-12T12:42:31.813+0000] {processor.py:652} WARNING - No viable dags retrieved from /opt/airflow/dags/data_pipeline.py
[2022-12-12T12:42:32.220+0000] {processor.py:161} INFO - Processing /opt/airflow/dags/data_pipeline.py took 25.229 seconds
[2022-12-12T12:43:34.622+0000] {processor.py:153} INFO - Started process (PID=128) to work on /opt/airflow/dags/data_pipeline.py
[2022-12-12T12:43:34.662+0000] {processor.py:640} INFO - Processing file /opt/airflow/dags/data_pipeline.py for tasks to queue
[2022-12-12T12:43:34.668+0000] {logging_mixin.py:115} INFO - [2022-12-12T12:43:34.667+0000] {dagbag.py:508} INFO - Filling up the DagBag from /opt/airflow/dags/data_pipeline.py
[2022-12-12T12:43:36.959+0000] {processor.py:652} WARNING - No viable dags retrieved from /opt/airflow/dags/data_pipeline.py
[2022-12-12T12:43:37.026+0000] {processor.py:161} INFO - Processing /opt/airflow/dags/data_pipeline.py took 2.508 seconds
[2022-12-12T12:44:37.528+0000] {processor.py:153} INFO - Started process (PID=163) to work on /opt/airflow/dags/data_pipeline.py
[2022-12-12T12:44:37.530+0000] {processor.py:640} INFO - Processing file /opt/airflow/dags/data_pipeline.py for tasks to queue
[2022-12-12T12:44:37.533+0000] {logging_mixin.py:115} INFO - [2022-12-12T12:44:37.533+0000] {dagbag.py:508} INFO - Filling up the DagBag from /opt/airflow/dags/data_pipeline.py
[2022-12-12T12:44:38.709+0000] {processor.py:652} WARNING - No viable dags retrieved from /opt/airflow/dags/data_pipeline.py
[2022-12-12T12:44:38.742+0000] {processor.py:161} INFO - Processing /opt/airflow/dags/data_pipeline.py took 1.224 seconds
[2022-12-12T12:45:38.928+0000] {processor.py:153} INFO - Started process (PID=198) to work on /opt/airflow/dags/data_pipeline.py
[2022-12-12T12:45:38.929+0000] {processor.py:640} INFO - Processing file /opt/airflow/dags/data_pipeline.py for tasks to queue
[2022-12-12T12:45:38.931+0000] {logging_mixin.py:115} INFO - [2022-12-12T12:45:38.931+0000] {dagbag.py:508} INFO - Filling up the DagBag from /opt/airflow/dags/data_pipeline.py
[2022-12-12T12:45:40.080+0000] {processor.py:652} WARNING - No viable dags retrieved from /opt/airflow/dags/data_pipeline.py
[2022-12-12T12:45:40.103+0000] {processor.py:161} INFO - Processing /opt/airflow/dags/data_pipeline.py took 1.185 seconds
[2022-12-12T12:46:41.085+0000] {processor.py:153} INFO - Started process (PID=239) to work on /opt/airflow/dags/data_pipeline.py
[2022-12-12T12:46:41.089+0000] {processor.py:640} INFO - Processing file /opt/airflow/dags/data_pipeline.py for tasks to queue
[2022-12-12T12:46:41.095+0000] {logging_mixin.py:115} INFO - [2022-12-12T12:46:41.094+0000] {dagbag.py:508} INFO - Filling up the DagBag from /opt/airflow/dags/data_pipeline.py
[2022-12-12T12:46:41.816+0000] {processor.py:652} WARNING - No viable dags retrieved from /opt/airflow/dags/data_pipeline.py
[2022-12-12T12:46:41.845+0000] {processor.py:161} INFO - Processing /opt/airflow/dags/data_pipeline.py took 0.771 seconds
[2022-12-12T12:47:42.370+0000] {processor.py:153} INFO - Started process (PID=274) to work on /opt/airflow/dags/data_pipeline.py
[2022-12-12T12:47:42.372+0000] {processor.py:640} INFO - Processing file /opt/airflow/dags/data_pipeline.py for tasks to queue
[2022-12-12T12:47:42.373+0000] {logging_mixin.py:115} INFO - [2022-12-12T12:47:42.373+0000] {dagbag.py:508} INFO - Filling up the DagBag from /opt/airflow/dags/data_pipeline.py
[2022-12-12T12:47:43.117+0000] {processor.py:652} WARNING - No viable dags retrieved from /opt/airflow/dags/data_pipeline.py
[2022-12-12T12:47:43.154+0000] {processor.py:161} INFO - Processing /opt/airflow/dags/data_pipeline.py took 0.789 seconds
[2022-12-12T12:48:44.734+0000] {processor.py:153} INFO - Started process (PID=307) to work on /opt/airflow/dags/data_pipeline.py
[2022-12-12T12:48:44.806+0000] {processor.py:640} INFO - Processing file /opt/airflow/dags/data_pipeline.py for tasks to queue
[2022-12-12T12:48:44.831+0000] {logging_mixin.py:115} INFO - [2022-12-12T12:48:44.831+0000] {dagbag.py:508} INFO - Filling up the DagBag from /opt/airflow/dags/data_pipeline.py
[2022-12-12T12:48:50.113+0000] {processor.py:652} WARNING - No viable dags retrieved from /opt/airflow/dags/data_pipeline.py
[2022-12-12T12:48:50.290+0000] {processor.py:161} INFO - Processing /opt/airflow/dags/data_pipeline.py took 6.076 seconds
[2022-12-12T12:49:50.620+0000] {processor.py:153} INFO - Started process (PID=348) to work on /opt/airflow/dags/data_pipeline.py
[2022-12-12T12:49:50.630+0000] {processor.py:640} INFO - Processing file /opt/airflow/dags/data_pipeline.py for tasks to queue
[2022-12-12T12:49:50.634+0000] {logging_mixin.py:115} INFO - [2022-12-12T12:49:50.633+0000] {dagbag.py:508} INFO - Filling up the DagBag from /opt/airflow/dags/data_pipeline.py
[2022-12-12T12:49:54.870+0000] {processor.py:652} WARNING - No viable dags retrieved from /opt/airflow/dags/data_pipeline.py
[2022-12-12T12:49:54.924+0000] {processor.py:161} INFO - Processing /opt/airflow/dags/data_pipeline.py took 4.317 seconds
[2022-12-12T12:50:55.109+0000] {processor.py:153} INFO - Started process (PID=382) to work on /opt/airflow/dags/data_pipeline.py
[2022-12-12T12:50:55.111+0000] {processor.py:640} INFO - Processing file /opt/airflow/dags/data_pipeline.py for tasks to queue
[2022-12-12T12:50:55.112+0000] {logging_mixin.py:115} INFO - [2022-12-12T12:50:55.112+0000] {dagbag.py:508} INFO - Filling up the DagBag from /opt/airflow/dags/data_pipeline.py
[2022-12-12T12:50:55.666+0000] {processor.py:652} WARNING - No viable dags retrieved from /opt/airflow/dags/data_pipeline.py
[2022-12-12T12:50:55.685+0000] {processor.py:161} INFO - Processing /opt/airflow/dags/data_pipeline.py took 0.582 seconds
