[2022-12-12T12:52:02.713+0000] {processor.py:153} INFO - Started process (PID=425) to work on /opt/airflow/dags/my_first_dag.py
[2022-12-12T12:52:02.717+0000] {processor.py:640} INFO - Processing file /opt/airflow/dags/my_first_dag.py for tasks to queue
[2022-12-12T12:52:02.740+0000] {logging_mixin.py:115} INFO - [2022-12-12T12:52:02.737+0000] {dagbag.py:508} INFO - Filling up the DagBag from /opt/airflow/dags/my_first_dag.py
[2022-12-12T12:52:04.193+0000] {processor.py:652} WARNING - No viable dags retrieved from /opt/airflow/dags/my_first_dag.py
[2022-12-12T12:52:04.239+0000] {processor.py:161} INFO - Processing /opt/airflow/dags/my_first_dag.py took 1.556 seconds
[2022-12-12T12:52:43.216+0000] {processor.py:153} INFO - Started process (PID=443) to work on /opt/airflow/dags/my_first_dag.py
[2022-12-12T12:52:43.218+0000] {processor.py:640} INFO - Processing file /opt/airflow/dags/my_first_dag.py for tasks to queue
[2022-12-12T12:52:43.221+0000] {logging_mixin.py:115} INFO - [2022-12-12T12:52:43.221+0000] {dagbag.py:508} INFO - Filling up the DagBag from /opt/airflow/dags/my_first_dag.py
[2022-12-12T12:52:43.362+0000] {logging_mixin.py:115} INFO - [2022-12-12T12:52:43.345+0000] {dagbag.py:321} ERROR - Failed to import: /opt/airflow/dags/my_first_dag.py
Traceback (most recent call last):
  File "/home/airflow/.local/lib/python3.8/site-packages/airflow/models/dagbag.py", line 318, in parse
    loader.exec_module(new_module)
  File "<frozen importlib._bootstrap_external>", line 843, in exec_module
  File "<frozen importlib._bootstrap>", line 219, in _call_with_frames_removed
  File "/opt/airflow/dags/my_first_dag.py", line 5, in <module>
    from airflow.operators import MultiplyBy5Operator
ImportError: cannot import name 'MultiplyBy5Operator' from 'airflow.operators' (/home/airflow/.local/lib/python3.8/site-packages/airflow/operators/__init__.py)
[2022-12-12T12:52:43.364+0000] {processor.py:652} WARNING - No viable dags retrieved from /opt/airflow/dags/my_first_dag.py
[2022-12-12T12:52:43.561+0000] {processor.py:161} INFO - Processing /opt/airflow/dags/my_first_dag.py took 0.352 seconds
[2022-12-12T12:53:10.404+0000] {processor.py:153} INFO - Started process (PID=460) to work on /opt/airflow/dags/my_first_dag.py
[2022-12-12T12:53:10.427+0000] {processor.py:640} INFO - Processing file /opt/airflow/dags/my_first_dag.py for tasks to queue
[2022-12-12T12:53:10.442+0000] {logging_mixin.py:115} INFO - [2022-12-12T12:53:10.442+0000] {dagbag.py:508} INFO - Filling up the DagBag from /opt/airflow/dags/my_first_dag.py
[2022-12-12T12:53:10.840+0000] {processor.py:650} INFO - DAG(s) dict_keys(['hello_world']) retrieved from /opt/airflow/dags/my_first_dag.py
[2022-12-12T12:53:13.578+0000] {logging_mixin.py:115} INFO - [2022-12-12T12:53:13.578+0000] {manager.py:508} INFO - Created Permission View: can read on DAG:hello_world
[2022-12-12T12:53:13.672+0000] {logging_mixin.py:115} INFO - [2022-12-12T12:53:13.654+0000] {manager.py:508} INFO - Created Permission View: can edit on DAG:hello_world
[2022-12-12T12:53:13.842+0000] {logging_mixin.py:115} INFO - [2022-12-12T12:53:13.841+0000] {manager.py:508} INFO - Created Permission View: can delete on DAG:hello_world
[2022-12-12T12:53:13.848+0000] {logging_mixin.py:115} INFO - [2022-12-12T12:53:13.847+0000] {dag.py:2429} INFO - Sync 1 DAGs
[2022-12-12T12:53:14.195+0000] {logging_mixin.py:115} INFO - [2022-12-12T12:53:14.195+0000] {dag.py:2448} INFO - Creating ORM DAG for hello_world
[2022-12-12T12:53:14.283+0000] {logging_mixin.py:115} INFO - [2022-12-12T12:53:14.283+0000] {dag.py:2977} INFO - Setting next_dagrun for hello_world to 2022-12-11T12:00:00+00:00, run_after=2022-12-12T12:00:00+00:00
[2022-12-12T12:53:14.458+0000] {processor.py:161} INFO - Processing /opt/airflow/dags/my_first_dag.py took 4.065 seconds
[2022-12-12T12:54:14.724+0000] {processor.py:153} INFO - Started process (PID=492) to work on /opt/airflow/dags/my_first_dag.py
[2022-12-12T12:54:14.726+0000] {processor.py:640} INFO - Processing file /opt/airflow/dags/my_first_dag.py for tasks to queue
[2022-12-12T12:54:14.728+0000] {logging_mixin.py:115} INFO - [2022-12-12T12:54:14.727+0000] {dagbag.py:508} INFO - Filling up the DagBag from /opt/airflow/dags/my_first_dag.py
[2022-12-12T12:54:14.763+0000] {processor.py:650} INFO - DAG(s) dict_keys(['hello_world']) retrieved from /opt/airflow/dags/my_first_dag.py
[2022-12-12T12:54:14.820+0000] {logging_mixin.py:115} INFO - [2022-12-12T12:54:14.820+0000] {dag.py:2429} INFO - Sync 1 DAGs
[2022-12-12T12:54:14.902+0000] {logging_mixin.py:115} INFO - [2022-12-12T12:54:14.902+0000] {dag.py:2977} INFO - Setting next_dagrun for hello_world to 2022-12-11T12:00:00+00:00, run_after=2022-12-12T12:00:00+00:00
[2022-12-12T12:54:14.926+0000] {processor.py:161} INFO - Processing /opt/airflow/dags/my_first_dag.py took 0.210 seconds
[2022-12-12T12:55:15.213+0000] {processor.py:153} INFO - Started process (PID=525) to work on /opt/airflow/dags/my_first_dag.py
[2022-12-12T12:55:15.229+0000] {processor.py:640} INFO - Processing file /opt/airflow/dags/my_first_dag.py for tasks to queue
[2022-12-12T12:55:15.231+0000] {logging_mixin.py:115} INFO - [2022-12-12T12:55:15.230+0000] {dagbag.py:508} INFO - Filling up the DagBag from /opt/airflow/dags/my_first_dag.py
[2022-12-12T12:55:15.304+0000] {processor.py:650} INFO - DAG(s) dict_keys(['hello_world']) retrieved from /opt/airflow/dags/my_first_dag.py
[2022-12-12T12:55:15.392+0000] {logging_mixin.py:115} INFO - [2022-12-12T12:55:15.392+0000] {dag.py:2429} INFO - Sync 1 DAGs
[2022-12-12T12:55:15.452+0000] {logging_mixin.py:115} INFO - [2022-12-12T12:55:15.450+0000] {dag.py:2977} INFO - Setting next_dagrun for hello_world to 2022-12-11T12:00:00+00:00, run_after=2022-12-12T12:00:00+00:00
[2022-12-12T12:55:15.484+0000] {processor.py:161} INFO - Processing /opt/airflow/dags/my_first_dag.py took 0.280 seconds
[2022-12-12T12:56:15.731+0000] {processor.py:153} INFO - Started process (PID=557) to work on /opt/airflow/dags/my_first_dag.py
[2022-12-12T12:56:15.733+0000] {processor.py:640} INFO - Processing file /opt/airflow/dags/my_first_dag.py for tasks to queue
[2022-12-12T12:56:15.735+0000] {logging_mixin.py:115} INFO - [2022-12-12T12:56:15.734+0000] {dagbag.py:508} INFO - Filling up the DagBag from /opt/airflow/dags/my_first_dag.py
[2022-12-12T12:56:15.763+0000] {processor.py:650} INFO - DAG(s) dict_keys(['hello_world']) retrieved from /opt/airflow/dags/my_first_dag.py
[2022-12-12T12:56:15.822+0000] {logging_mixin.py:115} INFO - [2022-12-12T12:56:15.821+0000] {dag.py:2429} INFO - Sync 1 DAGs
[2022-12-12T12:56:15.881+0000] {logging_mixin.py:115} INFO - [2022-12-12T12:56:15.881+0000] {dag.py:2977} INFO - Setting next_dagrun for hello_world to 2022-12-11T12:00:00+00:00, run_after=2022-12-12T12:00:00+00:00
[2022-12-12T12:56:15.903+0000] {processor.py:161} INFO - Processing /opt/airflow/dags/my_first_dag.py took 0.179 seconds
[2022-12-12T12:57:15.948+0000] {processor.py:153} INFO - Started process (PID=590) to work on /opt/airflow/dags/my_first_dag.py
[2022-12-12T12:57:15.950+0000] {processor.py:640} INFO - Processing file /opt/airflow/dags/my_first_dag.py for tasks to queue
[2022-12-12T12:57:15.952+0000] {logging_mixin.py:115} INFO - [2022-12-12T12:57:15.952+0000] {dagbag.py:508} INFO - Filling up the DagBag from /opt/airflow/dags/my_first_dag.py
[2022-12-12T12:57:15.970+0000] {processor.py:650} INFO - DAG(s) dict_keys(['hello_world']) retrieved from /opt/airflow/dags/my_first_dag.py
[2022-12-12T12:57:16.009+0000] {logging_mixin.py:115} INFO - [2022-12-12T12:57:16.009+0000] {dag.py:2429} INFO - Sync 1 DAGs
[2022-12-12T12:57:16.037+0000] {logging_mixin.py:115} INFO - [2022-12-12T12:57:16.036+0000] {dag.py:2977} INFO - Setting next_dagrun for hello_world to 2022-12-11T12:00:00+00:00, run_after=2022-12-12T12:00:00+00:00
[2022-12-12T12:57:16.053+0000] {processor.py:161} INFO - Processing /opt/airflow/dags/my_first_dag.py took 0.110 seconds
[2022-12-12T12:58:16.272+0000] {processor.py:153} INFO - Started process (PID=632) to work on /opt/airflow/dags/my_first_dag.py
[2022-12-12T12:58:16.274+0000] {processor.py:640} INFO - Processing file /opt/airflow/dags/my_first_dag.py for tasks to queue
[2022-12-12T12:58:16.277+0000] {logging_mixin.py:115} INFO - [2022-12-12T12:58:16.276+0000] {dagbag.py:508} INFO - Filling up the DagBag from /opt/airflow/dags/my_first_dag.py
[2022-12-12T12:58:16.295+0000] {processor.py:650} INFO - DAG(s) dict_keys(['hello_world']) retrieved from /opt/airflow/dags/my_first_dag.py
[2022-12-12T12:58:16.350+0000] {logging_mixin.py:115} INFO - [2022-12-12T12:58:16.349+0000] {dag.py:2429} INFO - Sync 1 DAGs
[2022-12-12T12:58:16.389+0000] {logging_mixin.py:115} INFO - [2022-12-12T12:58:16.389+0000] {dag.py:2977} INFO - Setting next_dagrun for hello_world to 2022-12-11T12:00:00+00:00, run_after=2022-12-12T12:00:00+00:00
[2022-12-12T12:58:16.407+0000] {processor.py:161} INFO - Processing /opt/airflow/dags/my_first_dag.py took 0.139 seconds
[2022-12-12T12:59:16.491+0000] {processor.py:153} INFO - Started process (PID=673) to work on /opt/airflow/dags/my_first_dag.py
[2022-12-12T12:59:16.493+0000] {processor.py:640} INFO - Processing file /opt/airflow/dags/my_first_dag.py for tasks to queue
[2022-12-12T12:59:16.495+0000] {logging_mixin.py:115} INFO - [2022-12-12T12:59:16.495+0000] {dagbag.py:508} INFO - Filling up the DagBag from /opt/airflow/dags/my_first_dag.py
[2022-12-12T12:59:16.525+0000] {processor.py:650} INFO - DAG(s) dict_keys(['hello_world']) retrieved from /opt/airflow/dags/my_first_dag.py
[2022-12-12T12:59:16.576+0000] {logging_mixin.py:115} INFO - [2022-12-12T12:59:16.575+0000] {dag.py:2429} INFO - Sync 1 DAGs
[2022-12-12T12:59:16.608+0000] {logging_mixin.py:115} INFO - [2022-12-12T12:59:16.608+0000] {dag.py:2977} INFO - Setting next_dagrun for hello_world to 2022-12-11T12:00:00+00:00, run_after=2022-12-12T12:00:00+00:00
[2022-12-12T12:59:16.626+0000] {processor.py:161} INFO - Processing /opt/airflow/dags/my_first_dag.py took 0.141 seconds
[2022-12-12T13:00:16.744+0000] {processor.py:153} INFO - Started process (PID=714) to work on /opt/airflow/dags/my_first_dag.py
[2022-12-12T13:00:16.745+0000] {processor.py:640} INFO - Processing file /opt/airflow/dags/my_first_dag.py for tasks to queue
[2022-12-12T13:00:16.746+0000] {logging_mixin.py:115} INFO - [2022-12-12T13:00:16.746+0000] {dagbag.py:508} INFO - Filling up the DagBag from /opt/airflow/dags/my_first_dag.py
[2022-12-12T13:00:16.762+0000] {processor.py:650} INFO - DAG(s) dict_keys(['hello_world']) retrieved from /opt/airflow/dags/my_first_dag.py
[2022-12-12T13:00:16.813+0000] {logging_mixin.py:115} INFO - [2022-12-12T13:00:16.813+0000] {dag.py:2429} INFO - Sync 1 DAGs
[2022-12-12T13:00:16.854+0000] {logging_mixin.py:115} INFO - [2022-12-12T13:00:16.854+0000] {dag.py:2977} INFO - Setting next_dagrun for hello_world to 2022-12-11T12:00:00+00:00, run_after=2022-12-12T12:00:00+00:00
[2022-12-12T13:00:16.880+0000] {processor.py:161} INFO - Processing /opt/airflow/dags/my_first_dag.py took 0.141 seconds
[2022-12-12T13:01:16.995+0000] {processor.py:153} INFO - Started process (PID=755) to work on /opt/airflow/dags/my_first_dag.py
[2022-12-12T13:01:16.998+0000] {processor.py:640} INFO - Processing file /opt/airflow/dags/my_first_dag.py for tasks to queue
[2022-12-12T13:01:16.999+0000] {logging_mixin.py:115} INFO - [2022-12-12T13:01:16.999+0000] {dagbag.py:508} INFO - Filling up the DagBag from /opt/airflow/dags/my_first_dag.py
[2022-12-12T13:01:17.016+0000] {processor.py:650} INFO - DAG(s) dict_keys(['hello_world']) retrieved from /opt/airflow/dags/my_first_dag.py
[2022-12-12T13:01:17.053+0000] {logging_mixin.py:115} INFO - [2022-12-12T13:01:17.053+0000] {dag.py:2429} INFO - Sync 1 DAGs
[2022-12-12T13:01:17.084+0000] {logging_mixin.py:115} INFO - [2022-12-12T13:01:17.084+0000] {dag.py:2977} INFO - Setting next_dagrun for hello_world to 2022-12-11T12:00:00+00:00, run_after=2022-12-12T12:00:00+00:00
[2022-12-12T13:01:17.106+0000] {processor.py:161} INFO - Processing /opt/airflow/dags/my_first_dag.py took 0.116 seconds
[2022-12-12T13:02:17.284+0000] {processor.py:153} INFO - Started process (PID=797) to work on /opt/airflow/dags/my_first_dag.py
[2022-12-12T13:02:17.285+0000] {processor.py:640} INFO - Processing file /opt/airflow/dags/my_first_dag.py for tasks to queue
[2022-12-12T13:02:17.286+0000] {logging_mixin.py:115} INFO - [2022-12-12T13:02:17.286+0000] {dagbag.py:508} INFO - Filling up the DagBag from /opt/airflow/dags/my_first_dag.py
[2022-12-12T13:02:17.303+0000] {processor.py:650} INFO - DAG(s) dict_keys(['hello_world']) retrieved from /opt/airflow/dags/my_first_dag.py
[2022-12-12T13:02:17.340+0000] {logging_mixin.py:115} INFO - [2022-12-12T13:02:17.340+0000] {dag.py:2429} INFO - Sync 1 DAGs
[2022-12-12T13:02:17.370+0000] {logging_mixin.py:115} INFO - [2022-12-12T13:02:17.370+0000] {dag.py:2977} INFO - Setting next_dagrun for hello_world to 2022-12-11T12:00:00+00:00, run_after=2022-12-12T12:00:00+00:00
[2022-12-12T13:02:17.395+0000] {processor.py:161} INFO - Processing /opt/airflow/dags/my_first_dag.py took 0.115 seconds
[2022-12-12T13:03:17.585+0000] {processor.py:153} INFO - Started process (PID=838) to work on /opt/airflow/dags/my_first_dag.py
[2022-12-12T13:03:17.586+0000] {processor.py:640} INFO - Processing file /opt/airflow/dags/my_first_dag.py for tasks to queue
[2022-12-12T13:03:17.587+0000] {logging_mixin.py:115} INFO - [2022-12-12T13:03:17.587+0000] {dagbag.py:508} INFO - Filling up the DagBag from /opt/airflow/dags/my_first_dag.py
[2022-12-12T13:03:17.602+0000] {processor.py:650} INFO - DAG(s) dict_keys(['hello_world']) retrieved from /opt/airflow/dags/my_first_dag.py
[2022-12-12T13:03:17.638+0000] {logging_mixin.py:115} INFO - [2022-12-12T13:03:17.638+0000] {dag.py:2429} INFO - Sync 1 DAGs
[2022-12-12T13:03:17.666+0000] {logging_mixin.py:115} INFO - [2022-12-12T13:03:17.666+0000] {dag.py:2977} INFO - Setting next_dagrun for hello_world to 2022-12-11T12:00:00+00:00, run_after=2022-12-12T12:00:00+00:00
[2022-12-12T13:03:17.684+0000] {processor.py:161} INFO - Processing /opt/airflow/dags/my_first_dag.py took 0.103 seconds
[2022-12-12T13:04:17.838+0000] {processor.py:153} INFO - Started process (PID=879) to work on /opt/airflow/dags/my_first_dag.py
[2022-12-12T13:04:17.847+0000] {processor.py:640} INFO - Processing file /opt/airflow/dags/my_first_dag.py for tasks to queue
[2022-12-12T13:04:17.850+0000] {logging_mixin.py:115} INFO - [2022-12-12T13:04:17.850+0000] {dagbag.py:508} INFO - Filling up the DagBag from /opt/airflow/dags/my_first_dag.py
[2022-12-12T13:04:17.888+0000] {processor.py:650} INFO - DAG(s) dict_keys(['hello_world']) retrieved from /opt/airflow/dags/my_first_dag.py
[2022-12-12T13:04:17.979+0000] {logging_mixin.py:115} INFO - [2022-12-12T13:04:17.978+0000] {dag.py:2429} INFO - Sync 1 DAGs
[2022-12-12T13:04:18.051+0000] {logging_mixin.py:115} INFO - [2022-12-12T13:04:18.051+0000] {dag.py:2977} INFO - Setting next_dagrun for hello_world to 2022-12-11T12:00:00+00:00, run_after=2022-12-12T12:00:00+00:00
[2022-12-12T13:04:18.098+0000] {processor.py:161} INFO - Processing /opt/airflow/dags/my_first_dag.py took 0.272 seconds
[2022-12-12T13:05:18.305+0000] {processor.py:153} INFO - Started process (PID=920) to work on /opt/airflow/dags/my_first_dag.py
[2022-12-12T13:05:18.308+0000] {processor.py:640} INFO - Processing file /opt/airflow/dags/my_first_dag.py for tasks to queue
[2022-12-12T13:05:18.309+0000] {logging_mixin.py:115} INFO - [2022-12-12T13:05:18.309+0000] {dagbag.py:508} INFO - Filling up the DagBag from /opt/airflow/dags/my_first_dag.py
[2022-12-12T13:05:18.331+0000] {processor.py:650} INFO - DAG(s) dict_keys(['hello_world']) retrieved from /opt/airflow/dags/my_first_dag.py
[2022-12-12T13:05:18.383+0000] {logging_mixin.py:115} INFO - [2022-12-12T13:05:18.383+0000] {dag.py:2429} INFO - Sync 1 DAGs
[2022-12-12T13:05:18.425+0000] {logging_mixin.py:115} INFO - [2022-12-12T13:05:18.425+0000] {dag.py:2977} INFO - Setting next_dagrun for hello_world to 2022-12-11T12:00:00+00:00, run_after=2022-12-12T12:00:00+00:00
[2022-12-12T13:05:18.448+0000] {processor.py:161} INFO - Processing /opt/airflow/dags/my_first_dag.py took 0.148 seconds
[2022-12-12T13:06:18.555+0000] {processor.py:153} INFO - Started process (PID=954) to work on /opt/airflow/dags/my_first_dag.py
[2022-12-12T13:06:18.556+0000] {processor.py:640} INFO - Processing file /opt/airflow/dags/my_first_dag.py for tasks to queue
[2022-12-12T13:06:18.559+0000] {logging_mixin.py:115} INFO - [2022-12-12T13:06:18.558+0000] {dagbag.py:508} INFO - Filling up the DagBag from /opt/airflow/dags/my_first_dag.py
[2022-12-12T13:06:18.582+0000] {processor.py:650} INFO - DAG(s) dict_keys(['hello_world']) retrieved from /opt/airflow/dags/my_first_dag.py
[2022-12-12T13:06:18.631+0000] {logging_mixin.py:115} INFO - [2022-12-12T13:06:18.631+0000] {dag.py:2429} INFO - Sync 1 DAGs
[2022-12-12T13:06:18.668+0000] {logging_mixin.py:115} INFO - [2022-12-12T13:06:18.668+0000] {dag.py:2977} INFO - Setting next_dagrun for hello_world to 2022-12-11T12:00:00+00:00, run_after=2022-12-12T12:00:00+00:00
[2022-12-12T13:06:18.691+0000] {processor.py:161} INFO - Processing /opt/airflow/dags/my_first_dag.py took 0.142 seconds
[2022-12-12T13:07:18.908+0000] {processor.py:153} INFO - Started process (PID=994) to work on /opt/airflow/dags/my_first_dag.py
[2022-12-12T13:07:18.916+0000] {processor.py:640} INFO - Processing file /opt/airflow/dags/my_first_dag.py for tasks to queue
[2022-12-12T13:07:18.922+0000] {logging_mixin.py:115} INFO - [2022-12-12T13:07:18.921+0000] {dagbag.py:508} INFO - Filling up the DagBag from /opt/airflow/dags/my_first_dag.py
[2022-12-12T13:07:19.000+0000] {processor.py:650} INFO - DAG(s) dict_keys(['hello_world']) retrieved from /opt/airflow/dags/my_first_dag.py
[2022-12-12T13:07:19.131+0000] {logging_mixin.py:115} INFO - [2022-12-12T13:07:19.131+0000] {dag.py:2429} INFO - Sync 1 DAGs
[2022-12-12T13:07:19.252+0000] {logging_mixin.py:115} INFO - [2022-12-12T13:07:19.251+0000] {dag.py:2977} INFO - Setting next_dagrun for hello_world to 2022-12-11T12:00:00+00:00, run_after=2022-12-12T12:00:00+00:00
[2022-12-12T13:07:19.325+0000] {processor.py:161} INFO - Processing /opt/airflow/dags/my_first_dag.py took 0.424 seconds
